Added Component: Designator=C1(0805)
Add component. Clean all parameters for all variants
Add component (AddParameter): Name = "Supplier"; Value = ""; VariantName = "[No Variations]"
Add component (AddParameter): Name = "Symbol"; Value = ""; VariantName = "[No Variations]"
Add component (AddParameter): Name = "URL"; Value = ""; VariantName = "[No Variations]"
Added Component: Designator=C2(0805)
Add component. Clean all parameters for all variants
Add component (AddParameter): Name = "Supplier"; Value = ""; VariantName = "[No Variations]"
Add component (AddParameter): Name = "Symbol"; Value = ""; VariantName = "[No Variations]"
Add component (AddParameter): Name = "URL"; Value = ""; VariantName = "[No Variations]"
Added Component: Designator=J1(Goldpin 2.00mm pin 2X3)
Add component. Clean all parameters for all variants
Add component (AddParameter): Name = "Supplier"; Value = "TME"; VariantName = "[No Variations]"
Add component (AddParameter): Name = "Symbol"; Value = "NINIGI ZL303-2X10P"; VariantName = "[No Variations]"
Add component (AddParameter): Name = "URL"; Value = "http://www.tme.eu/pl/details/zl303-2x10p/listwy-i-gniazda-kolkowe/ninigi/#"; VariantName = "[No Variations]"
Added Pin To Net: NetName=GND Pin=C1-2
Added Pin To Net: NetName=GND Pin=C2-2
Added Pin To Net: NetName=GND Pin=J1-2
Added Net: Name=GND
Added Pin To Net: NetName=NetJ1_3 Pin=J1-3
Added Net: Name=NetJ1_3
Added Pin To Net: NetName=NetJ1_4 Pin=J1-4
Added Net: Name=NetJ1_4
Added Pin To Net: NetName=NetJ1_5 Pin=J1-5
Added Net: Name=NetJ1_5
Added Pin To Net: NetName=NetJ1_6 Pin=J1-6
Added Net: Name=NetJ1_6
Added Pin To Net: NetName=VCC Pin=C1-1
Added Pin To Net: NetName=VCC Pin=C2-1
Added Pin To Net: NetName=VCC Pin=J1-1
Added Net: Name=VCC
Added Class: Name=ToF_Board
