Added Pin To Net: NetName=3V3 Pin=J?-0
Added Pin To Net: NetName=3V3 Pin=J?-0
Added Pin To Net: NetName=3V3 Pin=J?-0
Added Pin To Net: NetName=3V3 Pin=J?-0
Added Pin To Net: NetName=3V3 Pin=J?-0
Added Pin To Net: NetName=GND Pin=J?-1
Added Pin To Net: NetName=GND Pin=J?-1
Added Pin To Net: NetName=GND Pin=J?-1
Added Pin To Net: NetName=GND Pin=J?-1
Added Pin To Net: NetName=GND Pin=J?-1
Added Pin To Net: NetName=TOF1 Pin=J?-4
Added Pin To Net: NetName=TOF2 Pin=J?-4
Added Pin To Net: NetName=TOF3 Pin=J?-4
Added Pin To Net: NetName=TOF4 Pin=J?-4
Added Pin To Net: NetName=TOF5 Pin=J?-4
Added Pin To Net: NetName=SCL Pin=J?-3
Added Pin To Net: NetName=SCL Pin=J?-3
Added Pin To Net: NetName=SCL Pin=J?-3
Added Pin To Net: NetName=SCL Pin=J?-3
Added Pin To Net: NetName=SCL Pin=J?-3
Added Net: Name=SCL
Added Pin To Net: NetName=SDA Pin=J?-2
Added Pin To Net: NetName=SDA Pin=J?-2
Added Pin To Net: NetName=SDA Pin=J?-2
Added Pin To Net: NetName=SDA Pin=J?-2
Added Pin To Net: NetName=SDA Pin=J?-2
Added Net: Name=SDA
Added Member To Class: ClassName=rys_PCB Member=Component J? PICO_BLADE_5
Added Member To Class: ClassName=rys_PCB Member=Component J? Molex Microfit
Added Member To Class: ClassName=rys_PCB Member=Component J? PICO_BLADE_5
Added Member To Class: ClassName=rys_PCB Member=Component J? PICO_BLADE_5
Added Member To Class: ClassName=rys_PCB Member=Component J? Molex Microfit
Added Member To Class: ClassName=rys_PCB Member=Component J? Molex Microfit
Added Member To Class: ClassName=rys_PCB Member=Component J? Molex Microfit
Added Member To Class: ClassName=rys_PCB Member=Component J? Molex Microfit
Added Member To Class: ClassName=rys_PCB Member=Component J? PICO_BLADE_5
