Removed Pin From Net: NetName=NetDRV8825_7 Pin=J1-1
Removed Pin From Net: NetName=NetDRV8825_5 Pin=J1-2
Removed Pin From Net: NetName=NetDRV8825_8 Pin=J1-3
Removed Pin From Net: NetName=NetDRV8825_10 Pin=J1-4
Removed Pin From Net: NetName=NetDRV1_7 Pin=J2-1
Removed Pin From Net: NetName=NetDRV1_5 Pin=J2-2
Removed Pin From Net: NetName=NetDRV1_8 Pin=J2-3
Removed Pin From Net: NetName=NetDRV1_10 Pin=J2-4
Removed Member From Class: ClassName=rys_PCB Member=J1
Removed Member From Class: ClassName=rys_PCB Member=J2
Added Component: Designator=J?(MICROFIT 4x1 Vertical)
Add component. Clean all parameters for all variants
Add component (AddParameter): Name = "Supplier"; Value = "TME"; VariantName = "[No Variations]"
Add component (AddParameter): Name = "Symbol"; Value = "Molex 436500429"; VariantName = "[No Variations]"
Add component (AddParameter): Name = "URL"; Value = "https://www.tme.eu/pl/details/mx-43650-0429/zlacza-sygnalowe-raster-300mm/molex/43650-0429/"; VariantName = "[No Variations]"
Added Component: Designator=J?(MICROFIT 4x1 Vertical)
Add component. Clean all parameters for all variants
Add component (AddParameter): Name = "Supplier"; Value = "TME"; VariantName = "[No Variations]"
Add component (AddParameter): Name = "Symbol"; Value = "Molex 436500429"; VariantName = "[No Variations]"
Add component (AddParameter): Name = "URL"; Value = "https://www.tme.eu/pl/details/mx-43650-0429/zlacza-sygnalowe-raster-300mm/molex/43650-0429/"; VariantName = "[No Variations]"
Added Component: Designator=J?(MICROFIT 2x2 Vertical)
Add component. Clean all parameters for all variants
Add component (AddParameter): Name = "Supplier"; Value = "TME"; VariantName = "[No Variations]"
Add component (AddParameter): Name = "Symbol"; Value = "Molex 430450412"; VariantName = "[No Variations]"
Added Pin To Net: NetName=NetDRV1_5 Pin=J?-1
Added Pin To Net: NetName=NetDRV8825_5 Pin=J?-1
Added Pin To Net: NetName=NetDRV1_7 Pin=J?-2
Added Pin To Net: NetName=NetDRV8825_7 Pin=J?-2
Added Pin To Net: NetName=NetDRV1_8 Pin=J?-3
Added Pin To Net: NetName=NetDRV8825_8 Pin=J?-3
Added Pin To Net: NetName=NetDRV1_10 Pin=J?-4
Added Pin To Net: NetName=NetDRV8825_10 Pin=J?-4
Added Pin To Net: NetName=VMOT Pin=J?-4
Added Member To Class: ClassName=rys_PCB Member=Component J? Molex Microfit
Added Member To Class: ClassName=rys_PCB Member=Component J? Molex Microfit
Added Member To Class: ClassName=rys_PCB Member=Component J? Molex Microfit
