Added Component: Designator=C1(0805)
Add component. Clean all parameters for all variants
Add component (AddParameter): Name = "Supplier"; Value = ""; VariantName = "[No Variations]"
Add component (AddParameter): Name = "Symbol"; Value = ""; VariantName = "[No Variations]"
Add component (AddParameter): Name = "URL"; Value = ""; VariantName = "[No Variations]"
Added Component: Designator=C2(0805)
Add component. Clean all parameters for all variants
Add component (AddParameter): Name = "Supplier"; Value = ""; VariantName = "[No Variations]"
Add component (AddParameter): Name = "Symbol"; Value = ""; VariantName = "[No Variations]"
Add component (AddParameter): Name = "URL"; Value = ""; VariantName = "[No Variations]"
Added Component: Designator=C3(_C_TAN_A)
Add component. Clean all parameters for all variants
Add component (AddParameter): Name = "Supplier"; Value = ""; VariantName = "[No Variations]"
Add component (AddParameter): Name = "Symbol"; Value = ""; VariantName = "[No Variations]"
Add component (AddParameter): Name = "URL"; Value = ""; VariantName = "[No Variations]"
Added Component: Designator=C4(0805)
Add component. Clean all parameters for all variants
Add component (AddParameter): Name = "Supplier"; Value = ""; VariantName = "[No Variations]"
Add component (AddParameter): Name = "Symbol"; Value = ""; VariantName = "[No Variations]"
Add component (AddParameter): Name = "URL"; Value = ""; VariantName = "[No Variations]"
Added Component: Designator=C5(0805)
Add component. Clean all parameters for all variants
Add component (AddParameter): Name = "Supplier"; Value = ""; VariantName = "[No Variations]"
Add component (AddParameter): Name = "Symbol"; Value = ""; VariantName = "[No Variations]"
Add component (AddParameter): Name = "URL"; Value = ""; VariantName = "[No Variations]"
Added Component: Designator=C6(0805)
Add component. Clean all parameters for all variants
Add component (AddParameter): Name = "Supplier"; Value = ""; VariantName = "[No Variations]"
Add component (AddParameter): Name = "Symbol"; Value = ""; VariantName = "[No Variations]"
Add component (AddParameter): Name = "URL"; Value = ""; VariantName = "[No Variations]"
Added Component: Designator=C7(0805)
Add component. Clean all parameters for all variants
Add component (AddParameter): Name = "Supplier"; Value = ""; VariantName = "[No Variations]"
Add component (AddParameter): Name = "Symbol"; Value = ""; VariantName = "[No Variations]"
Add component (AddParameter): Name = "URL"; Value = ""; VariantName = "[No Variations]"
Added Component: Designator=C8(_C_TAN_A)
Add component. Clean all parameters for all variants
Add component (AddParameter): Name = "Supplier"; Value = ""; VariantName = "[No Variations]"
Add component (AddParameter): Name = "Symbol"; Value = ""; VariantName = "[No Variations]"
Add component (AddParameter): Name = "URL"; Value = ""; VariantName = "[No Variations]"
Added Component: Designator=C9(0805)
Add component. Clean all parameters for all variants
Add component (AddParameter): Name = "Supplier"; Value = ""; VariantName = "[No Variations]"
Add component (AddParameter): Name = "Symbol"; Value = ""; VariantName = "[No Variations]"
Add component (AddParameter): Name = "URL"; Value = ""; VariantName = "[No Variations]"
Added Component: Designator=C10(0805)
Add component. Clean all parameters for all variants
Add component (AddParameter): Name = "Supplier"; Value = ""; VariantName = "[No Variations]"
Add component (AddParameter): Name = "Symbol"; Value = ""; VariantName = "[No Variations]"
Add component (AddParameter): Name = "URL"; Value = ""; VariantName = "[No Variations]"
Added Component: Designator=C11(0805)
Add component. Clean all parameters for all variants
Add component (AddParameter): Name = "Supplier"; Value = ""; VariantName = "[No Variations]"
Add component (AddParameter): Name = "Symbol"; Value = ""; VariantName = "[No Variations]"
Add component (AddParameter): Name = "URL"; Value = ""; VariantName = "[No Variations]"
Added Component: Designator=C12(0805)
Add component. Clean all parameters for all variants
Add component (AddParameter): Name = "Supplier"; Value = ""; VariantName = "[No Variations]"
Add component (AddParameter): Name = "Symbol"; Value = ""; VariantName = "[No Variations]"
Add component (AddParameter): Name = "URL"; Value = ""; VariantName = "[No Variations]"
Added Component: Designator=C13(0805)
Add component. Clean all parameters for all variants
Add component (AddParameter): Name = "Supplier"; Value = ""; VariantName = "[No Variations]"
Add component (AddParameter): Name = "Symbol"; Value = ""; VariantName = "[No Variations]"
Add component (AddParameter): Name = "URL"; Value = ""; VariantName = "[No Variations]"
Added Component: Designator=C14(0805)
Add component. Clean all parameters for all variants
Add component (AddParameter): Name = "Supplier"; Value = ""; VariantName = "[No Variations]"
Add component (AddParameter): Name = "Symbol"; Value = ""; VariantName = "[No Variations]"
Add component (AddParameter): Name = "URL"; Value = ""; VariantName = "[No Variations]"
Added Component: Designator=C15(0805)
Add component. Clean all parameters for all variants
Add component (AddParameter): Name = "Supplier"; Value = ""; VariantName = "[No Variations]"
Add component (AddParameter): Name = "Symbol"; Value = ""; VariantName = "[No Variations]"
Add component (AddParameter): Name = "URL"; Value = ""; VariantName = "[No Variations]"
Added Component: Designator=C16(0805)
Add component. Clean all parameters for all variants
Add component (AddParameter): Name = "Supplier"; Value = ""; VariantName = "[No Variations]"
Add component (AddParameter): Name = "Symbol"; Value = ""; VariantName = "[No Variations]"
Add component (AddParameter): Name = "URL"; Value = ""; VariantName = "[No Variations]"
Added Component: Designator=C17(_C_TAN_A)
Add component. Clean all parameters for all variants
Add component (AddParameter): Name = "Supplier"; Value = ""; VariantName = "[No Variations]"
Add component (AddParameter): Name = "Symbol"; Value = ""; VariantName = "[No Variations]"
Add component (AddParameter): Name = "URL"; Value = ""; VariantName = "[No Variations]"
Added Component: Designator=C18(0805)
Add component. Clean all parameters for all variants
Add component (AddParameter): Name = "Supplier"; Value = ""; VariantName = "[No Variations]"
Add component (AddParameter): Name = "Symbol"; Value = ""; VariantName = "[No Variations]"
Add component (AddParameter): Name = "URL"; Value = ""; VariantName = "[No Variations]"
Added Component: Designator=C19(0805)
Add component. Clean all parameters for all variants
Add component (AddParameter): Name = "Supplier"; Value = ""; VariantName = "[No Variations]"
Add component (AddParameter): Name = "Symbol"; Value = ""; VariantName = "[No Variations]"
Add component (AddParameter): Name = "URL"; Value = ""; VariantName = "[No Variations]"
Added Component: Designator=C20(0805)
Add component. Clean all parameters for all variants
Add component (AddParameter): Name = "Supplier"; Value = ""; VariantName = "[No Variations]"
Add component (AddParameter): Name = "Symbol"; Value = ""; VariantName = "[No Variations]"
Add component (AddParameter): Name = "URL"; Value = ""; VariantName = "[No Variations]"
Added Component: Designator=D1(SMB/DO-214AA)
Add component. Clean all parameters for all variants
Add component (AddParameter): Name = "Supplier"; Value = "TME"; VariantName = "[No Variations]"
Add component (AddParameter): Name = "Symbol"; Value = "SK210"; VariantName = "[No Variations]"
Add component (AddParameter): Name = "URL"; Value = "http://www.tme.eu/pl/details/sk210/diody-schottky-smd/dc-components/#"; VariantName = "[No Variations]"
Added Component: Designator=DRV1(HTSSOP28)
Add component. Clean all parameters for all variants
Add component (AddParameter): Name = "Supplier"; Value = "Farnell"; VariantName = "[No Variations]"
Add component (AddParameter): Name = "Supplier 1"; Value = "Digi-Key"; VariantName = "[No Variations]"
Add component (AddParameter): Name = "URL"; Value = "http://pl.farnell.com/texas-instruments/drv8825pwpr/motor-driver-stepper-htssop-28/dp/2769196?st=drv8825"; VariantName = "[No Variations]"
Added Component: Designator=DRV8825(HTSSOP28)
Add component. Clean all parameters for all variants
Add component (AddParameter): Name = "Supplier"; Value = "Farnell"; VariantName = "[No Variations]"
Add component (AddParameter): Name = "Supplier 1"; Value = "Digi-Key"; VariantName = "[No Variations]"
Add component (AddParameter): Name = "URL"; Value = "http://pl.farnell.com/texas-instruments/drv8825pwpr/motor-driver-stepper-htssop-28/dp/2769196?st=drv8825"; VariantName = "[No Variations]"
Added Component: Designator=J1(MICROFIT 2x2 Vertical)
Add component. Clean all parameters for all variants
Add component (AddParameter): Name = "Supplier"; Value = "TME"; VariantName = "[No Variations]"
Add component (AddParameter): Name = "Symbol"; Value = "Molex 430450412"; VariantName = "[No Variations]"
Added Component: Designator=J2(MICROFIT 2x2 Vertical)
Add component. Clean all parameters for all variants
Add component (AddParameter): Name = "Supplier"; Value = "TME"; VariantName = "[No Variations]"
Add component (AddParameter): Name = "Symbol"; Value = "Molex 430450412"; VariantName = "[No Variations]"
Added Component: Designator=L1(_L_DE1205)
Add component. Clean all parameters for all variants
Add component (AddParameter): Name = "Supplier"; Value = "TME"; VariantName = "[No Variations]"
Add component (AddParameter): Name = "URL"; Value = "http://www.tme.eu/pl/details/de1205-220/dlawiki-smd-mocy/ferrocore/#"; VariantName = "[No Variations]"
Added Component: Designator=LSM9DS1(LGA24)
Add component. Clean all parameters for all variants
Add component (AddParameter): Name = "Supplier"; Value = "Farnell"; VariantName = "[No Variations]"
Add component (AddParameter): Name = "URL"; Value = "http://pl.farnell.com/stmicroelectronics/lsm9ds1tr/mems-accelero-gyroscope-magneto/dp/2532383?st=lsm9%20ds1"; VariantName = "[No Variations]"
Added Component: Designator=M1(BeagleBone_Black)
Add component. Clean all parameters for all variants
Add component (AddParameter): Name = "Supplier"; Value = "Botland"; VariantName = "[No Variations]"
Add component (AddParameter): Name = "Symbol"; Value = "BeagleBone Green Wireless"; VariantName = "[No Variations]"
Add component (AddParameter): Name = "URL"; Value = ""; VariantName = "[No Variations]"
Added Component: Designator=P2(_R_POTRM6H)
Add component. Clean all parameters for all variants
Add component (AddParameter): Name = "Supplier"; Value = "Maritex, Piekarz(RM-s)"; VariantName = "[No Variations]"
Add component (AddParameter): Name = "Symbol"; Value = "POTRM6H"; VariantName = "[No Variations]"
Added Component: Designator=R1(0805_R)
Add component. Clean all parameters for all variants
Add component (AddParameter): Name = "Supplier"; Value = ""; VariantName = "[No Variations]"
Add component (AddParameter): Name = "Symbol"; Value = ""; VariantName = "[No Variations]"
Add component (AddParameter): Name = "URL"; Value = ""; VariantName = "[No Variations]"
Added Component: Designator=R2(0805_R)
Add component. Clean all parameters for all variants
Add component (AddParameter): Name = "Supplier"; Value = ""; VariantName = "[No Variations]"
Add component (AddParameter): Name = "Symbol"; Value = ""; VariantName = "[No Variations]"
Add component (AddParameter): Name = "URL"; Value = ""; VariantName = "[No Variations]"
Added Component: Designator=R3(0805_R)
Add component. Clean all parameters for all variants
Add component (AddParameter): Name = "Supplier"; Value = ""; VariantName = "[No Variations]"
Add component (AddParameter): Name = "Symbol"; Value = ""; VariantName = "[No Variations]"
Add component (AddParameter): Name = "URL"; Value = ""; VariantName = "[No Variations]"
Added Component: Designator=R4(0805_R)
Add component. Clean all parameters for all variants
Add component (AddParameter): Name = "Supplier"; Value = ""; VariantName = "[No Variations]"
Add component (AddParameter): Name = "Symbol"; Value = ""; VariantName = "[No Variations]"
Add component (AddParameter): Name = "URL"; Value = ""; VariantName = "[No Variations]"
Added Component: Designator=R5(0805_R)
Add component. Clean all parameters for all variants
Add component (AddParameter): Name = "Supplier"; Value = ""; VariantName = "[No Variations]"
Add component (AddParameter): Name = "Symbol"; Value = ""; VariantName = "[No Variations]"
Add component (AddParameter): Name = "URL"; Value = ""; VariantName = "[No Variations]"
Added Component: Designator=R6(0805_R)
Add component. Clean all parameters for all variants
Add component (AddParameter): Name = "Supplier"; Value = ""; VariantName = "[No Variations]"
Add component (AddParameter): Name = "Symbol"; Value = ""; VariantName = "[No Variations]"
Add component (AddParameter): Name = "URL"; Value = ""; VariantName = "[No Variations]"
Added Component: Designator=R7(0805_R)
Add component. Clean all parameters for all variants
Add component (AddParameter): Name = "Supplier"; Value = ""; VariantName = "[No Variations]"
Add component (AddParameter): Name = "Symbol"; Value = ""; VariantName = "[No Variations]"
Add component (AddParameter): Name = "URL"; Value = ""; VariantName = "[No Variations]"
Added Component: Designator=R8(0805_R)
Add component. Clean all parameters for all variants
Add component (AddParameter): Name = "Supplier"; Value = ""; VariantName = "[No Variations]"
Add component (AddParameter): Name = "Symbol"; Value = ""; VariantName = "[No Variations]"
Add component (AddParameter): Name = "URL"; Value = ""; VariantName = "[No Variations]"
Added Component: Designator=R9(0805_R)
Add component. Clean all parameters for all variants
Add component (AddParameter): Name = "Supplier"; Value = ""; VariantName = "[No Variations]"
Add component (AddParameter): Name = "Symbol"; Value = ""; VariantName = "[No Variations]"
Add component (AddParameter): Name = "URL"; Value = ""; VariantName = "[No Variations]"
Added Component: Designator=R10(0805_R)
Add component. Clean all parameters for all variants
Add component (AddParameter): Name = "Supplier"; Value = ""; VariantName = "[No Variations]"
Add component (AddParameter): Name = "Symbol"; Value = ""; VariantName = "[No Variations]"
Add component (AddParameter): Name = "URL"; Value = ""; VariantName = "[No Variations]"
Added Component: Designator=R11(0805_R)
Add component. Clean all parameters for all variants
Add component (AddParameter): Name = "Supplier"; Value = ""; VariantName = "[No Variations]"
Add component (AddParameter): Name = "Symbol"; Value = ""; VariantName = "[No Variations]"
Add component (AddParameter): Name = "URL"; Value = ""; VariantName = "[No Variations]"
Added Component: Designator=R12(0805_R)
Add component. Clean all parameters for all variants
Add component (AddParameter): Name = "Supplier"; Value = ""; VariantName = "[No Variations]"
Add component (AddParameter): Name = "Symbol"; Value = ""; VariantName = "[No Variations]"
Add component (AddParameter): Name = "URL"; Value = ""; VariantName = "[No Variations]"
Added Component: Designator=R13(0805_R)
Add component. Clean all parameters for all variants
Add component (AddParameter): Name = "Supplier"; Value = ""; VariantName = "[No Variations]"
Add component (AddParameter): Name = "Symbol"; Value = ""; VariantName = "[No Variations]"
Add component (AddParameter): Name = "URL"; Value = ""; VariantName = "[No Variations]"
Added Component: Designator=R14(0805_R)
Add component. Clean all parameters for all variants
Add component (AddParameter): Name = "Supplier"; Value = ""; VariantName = "[No Variations]"
Add component (AddParameter): Name = "Symbol"; Value = ""; VariantName = "[No Variations]"
Add component (AddParameter): Name = "URL"; Value = ""; VariantName = "[No Variations]"
Added Component: Designator=R15(0805_R)
Add component. Clean all parameters for all variants
Add component (AddParameter): Name = "Supplier"; Value = ""; VariantName = "[No Variations]"
Add component (AddParameter): Name = "Symbol"; Value = ""; VariantName = "[No Variations]"
Add component (AddParameter): Name = "URL"; Value = ""; VariantName = "[No Variations]"
Added Component: Designator=R16(0805_R)
Add component. Clean all parameters for all variants
Add component (AddParameter): Name = "Supplier"; Value = ""; VariantName = "[No Variations]"
Add component (AddParameter): Name = "Symbol"; Value = ""; VariantName = "[No Variations]"
Add component (AddParameter): Name = "URL"; Value = ""; VariantName = "[No Variations]"
Added Component: Designator=R17(0805_R)
Add component. Clean all parameters for all variants
Add component (AddParameter): Name = "Supplier"; Value = ""; VariantName = "[No Variations]"
Add component (AddParameter): Name = "Symbol"; Value = ""; VariantName = "[No Variations]"
Add component (AddParameter): Name = "URL"; Value = ""; VariantName = "[No Variations]"
Added Component: Designator=R18(0805_R)
Add component. Clean all parameters for all variants
Add component (AddParameter): Name = "Supplier"; Value = ""; VariantName = "[No Variations]"
Add component (AddParameter): Name = "Symbol"; Value = ""; VariantName = "[No Variations]"
Add component (AddParameter): Name = "URL"; Value = ""; VariantName = "[No Variations]"
Added Component: Designator=ST1S14PHR(HSOP8)
Add component. Clean all parameters for all variants
Add component (AddParameter): Name = "Supplier"; Value = "TME"; VariantName = "[No Variations]"
Add component (AddParameter): Name = "URL"; Value = "https://www.tme.eu/pl/details/st1s14phr/regulatory-napiecia-uklady-dcdc/st-microelectronics/"; VariantName = "[No Variations]"
Added Pin To Net: NetName=3V3D Pin=C10-1
Added Pin To Net: NetName=3V3D Pin=DRV1-15
Added Pin To Net: NetName=3V3D Pin=P2-3
Added Pin To Net: NetName=3V3D Pin=R11-2
Added Pin To Net: NetName=3V3D Pin=R13-2
Added Pin To Net: NetName=3V3D Pin=R14-2
Added Net: Name=3V3D
Added Pin To Net: NetName=3V3 Pin=C3-N
Added Pin To Net: NetName=3V3 Pin=C4-2
Added Pin To Net: NetName=3V3 Pin=C5-1
Added Pin To Net: NetName=3V3 Pin=C5-2
Added Pin To Net: NetName=3V3 Pin=C8-N
Added Pin To Net: NetName=3V3 Pin=C9-2
Added Pin To Net: NetName=3V3 Pin=C10-2
Added Pin To Net: NetName=3V3 Pin=C12-1
Added Pin To Net: NetName=3V3 Pin=C13-1
Added Pin To Net: NetName=3V3 Pin=C13-2
Added Pin To Net: NetName=3V3 Pin=C14-1
Added Pin To Net: NetName=3V3 Pin=C14-2
Added Pin To Net: NetName=3V3 Pin=C15-1
Added Pin To Net: NetName=3V3 Pin=C15-2
Added Pin To Net: NetName=3V3 Pin=C16-2
Added Pin To Net: NetName=3V3 Pin=DRV1-14
Added Pin To Net: NetName=3V3 Pin=DRV1-28
Added Pin To Net: NetName=3V3 Pin=DRV1-28
Added Pin To Net: NetName=3V3 Pin=DRV8825-14
Added Pin To Net: NetName=3V3 Pin=DRV8825-15
Added Pin To Net: NetName=3V3 Pin=DRV8825-28
Added Pin To Net: NetName=3V3 Pin=DRV8825-28
Added Pin To Net: NetName=3V3 Pin=LSM9DS1-1
Added Pin To Net: NetName=3V3 Pin=LSM9DS1-3
Added Pin To Net: NetName=3V3 Pin=LSM9DS1-14
Added Pin To Net: NetName=3V3 Pin=LSM9DS1-15
Added Pin To Net: NetName=3V3 Pin=LSM9DS1-16
Added Pin To Net: NetName=3V3 Pin=LSM9DS1-17
Added Pin To Net: NetName=3V3 Pin=LSM9DS1-18
Added Pin To Net: NetName=3V3 Pin=LSM9DS1-19
Added Pin To Net: NetName=3V3 Pin=LSM9DS1-20
Added Pin To Net: NetName=3V3 Pin=LSM9DS1-22
Added Pin To Net: NetName=3V3 Pin=LSM9DS1-23
Added Pin To Net: NetName=3V3 Pin=P2-1
Added Pin To Net: NetName=3V3 Pin=R2-1
Added Pin To Net: NetName=3V3 Pin=R3-1
Added Pin To Net: NetName=3V3 Pin=R4-2
Added Pin To Net: NetName=3V3 Pin=R6-2
Added Pin To Net: NetName=3V3 Pin=R7-2
Added Pin To Net: NetName=3V3 Pin=R9-1
Added Pin To Net: NetName=3V3 Pin=R10-1
Added Pin To Net: NetName=3V3 Pin=R18-2
Added Net: Name=3V3
Added Pin To Net: NetName=5V Pin=C17-P
Added Pin To Net: NetName=5V Pin=C20-2
Added Pin To Net: NetName=5V Pin=L1-1
Added Pin To Net: NetName=5V Pin=R15-1
Added Pin To Net: NetName=5V Pin=R16-1
Added Net: Name=5V
Added Pin To Net: NetName=CVREF Pin=DRV1-12
Added Pin To Net: NetName=CVREF Pin=DRV1-13
Added Pin To Net: NetName=CVREF Pin=DRV8825-12
Added Pin To Net: NetName=CVREF Pin=DRV8825-13
Added Pin To Net: NetName=CVREF Pin=P2-2
Added Net: Name=CVREF
Added Pin To Net: NetName=DECAY Pin=R5-1
Added Pin To Net: NetName=DECAY Pin=R12-1
Added Net: Name=DECAY
Added Pin To Net: NetName=DEN Pin=LSM9DS1-13
Added Net: Name=DEN
Added Pin To Net: NetName=DIRL Pin=DRV8825-20
Added Net: Name=DIRL
Added Pin To Net: NetName=DIRR Pin=DRV1-20
Added Net: Name=DIRR
Added Pin To Net: NetName=INT1 Pin=LSM9DS1-11
Added Net: Name=INT1
Added Pin To Net: NetName=INT2 Pin=LSM9DS1-12
Added Net: Name=INT2
Added Pin To Net: NetName=MODE0 Pin=DRV1-24
Added Pin To Net: NetName=MODE0 Pin=DRV8825-24
Added Net: Name=MODE0
Added Pin To Net: NetName=MODE1 Pin=DRV1-25
Added Pin To Net: NetName=MODE1 Pin=DRV8825-25
Added Net: Name=MODE1
Added Pin To Net: NetName=MODE2 Pin=DRV1-26
Added Pin To Net: NetName=MODE2 Pin=DRV8825-26
Added Net: Name=MODE2
Added Pin To Net: NetName=NEBL Pin=DRV1-21
Added Pin To Net: NetName=NEBL Pin=DRV8825-21
Added Net: Name=NEBL
Added Pin To Net: NetName=NetC1_1 Pin=C1-1
Added Pin To Net: NetName=NetC1_1 Pin=DRV8825-1
Added Net: Name=NetC1_1
Added Pin To Net: NetName=NetC1_2 Pin=C1-2
Added Pin To Net: NetName=NetC1_2 Pin=DRV8825-2
Added Net: Name=NetC1_2
Added Pin To Net: NetName=NetC2_2 Pin=C2-2
Added Pin To Net: NetName=NetC2_2 Pin=DRV8825-3
Added Pin To Net: NetName=NetC2_2 Pin=R1-2
Added Net: Name=NetC2_2
Added Pin To Net: NetName=NetC6_1 Pin=C6-1
Added Pin To Net: NetName=NetC6_1 Pin=DRV1-1
Added Net: Name=NetC6_1
Added Pin To Net: NetName=NetC6_2 Pin=C6-2
Added Pin To Net: NetName=NetC6_2 Pin=DRV1-2
Added Net: Name=NetC6_2
Added Pin To Net: NetName=NetC7_2 Pin=C7-2
Added Pin To Net: NetName=NetC7_2 Pin=DRV1-3
Added Pin To Net: NetName=NetC7_2 Pin=R8-2
Added Net: Name=NetC7_2
Added Pin To Net: NetName=NetC11_1 Pin=C11-1
Added Pin To Net: NetName=NetC11_1 Pin=ST1S14PHR-1
Added Net: Name=NetC11_1
Added Pin To Net: NetName=NetC11_2 Pin=C11-2
Added Pin To Net: NetName=NetC11_2 Pin=D1-K
Added Pin To Net: NetName=NetC11_2 Pin=L1-2
Added Pin To Net: NetName=NetC11_2 Pin=ST1S14PHR-8
Added Net: Name=NetC11_2
Added Pin To Net: NetName=NetC12_2 Pin=C12-2
Added Pin To Net: NetName=NetC12_2 Pin=LSM9DS1-21
Added Net: Name=NetC12_2
Added Pin To Net: NetName=NetC16_1 Pin=C16-1
Added Pin To Net: NetName=NetC16_1 Pin=LSM9DS1-24
Added Net: Name=NetC16_1
Added Pin To Net: NetName=NetC17_N Pin=C17-N
Added Pin To Net: NetName=NetC17_N Pin=C18-1
Added Pin To Net: NetName=NetC17_N Pin=C19-1
Added Pin To Net: NetName=NetC17_N Pin=D1-A
Added Pin To Net: NetName=NetC17_N Pin=R17-1
Added Pin To Net: NetName=NetC17_N Pin=ST1S14PHR-3
Added Pin To Net: NetName=NetC17_N Pin=ST1S14PHR-6
Added Pin To Net: NetName=NetC17_N Pin=ST1S14PHR-6
Added Net: Name=NetC17_N
Added Pin To Net: NetName=NetC20_1 Pin=C20-1
Added Pin To Net: NetName=NetC20_1 Pin=R16-2
Added Pin To Net: NetName=NetC20_1 Pin=R17-2
Added Pin To Net: NetName=NetC20_1 Pin=ST1S14PHR-4
Added Net: Name=NetC20_1
Added Pin To Net: NetName=NetDRV1_5 Pin=DRV1-5
Added Pin To Net: NetName=NetDRV1_5 Pin=J2-2
Added Net: Name=NetDRV1_5
Added Pin To Net: NetName=NetDRV1_6 Pin=DRV1-6
Added Pin To Net: NetName=NetDRV1_6 Pin=R9-2
Added Net: Name=NetDRV1_6
Added Pin To Net: NetName=NetDRV1_7 Pin=DRV1-7
Added Pin To Net: NetName=NetDRV1_7 Pin=J2-1
Added Net: Name=NetDRV1_7
Added Pin To Net: NetName=NetDRV1_8 Pin=DRV1-8
Added Pin To Net: NetName=NetDRV1_8 Pin=J2-3
Added Net: Name=NetDRV1_8
Added Pin To Net: NetName=NetDRV1_9 Pin=DRV1-9
Added Pin To Net: NetName=NetDRV1_9 Pin=R10-2
Added Net: Name=NetDRV1_9
Added Pin To Net: NetName=NetDRV1_10 Pin=DRV1-10
Added Pin To Net: NetName=NetDRV1_10 Pin=J2-4
Added Net: Name=NetDRV1_10
Added Pin To Net: NetName=NetDRV1_19 Pin=DRV1-19
Added Pin To Net: NetName=NetDRV1_19 Pin=R12-2
Added Net: Name=NetDRV1_19
Added Pin To Net: NetName=NetDRV8825_5 Pin=DRV8825-5
Added Pin To Net: NetName=NetDRV8825_5 Pin=J1-2
Added Net: Name=NetDRV8825_5
Added Pin To Net: NetName=NetDRV8825_6 Pin=DRV8825-6
Added Pin To Net: NetName=NetDRV8825_6 Pin=R2-2
Added Net: Name=NetDRV8825_6
Added Pin To Net: NetName=NetDRV8825_7 Pin=DRV8825-7
Added Pin To Net: NetName=NetDRV8825_7 Pin=J1-1
Added Net: Name=NetDRV8825_7
Added Pin To Net: NetName=NetDRV8825_8 Pin=DRV8825-8
Added Pin To Net: NetName=NetDRV8825_8 Pin=J1-3
Added Net: Name=NetDRV8825_8
Added Pin To Net: NetName=NetDRV8825_9 Pin=DRV8825-9
Added Pin To Net: NetName=NetDRV8825_9 Pin=R3-2
Added Net: Name=NetDRV8825_9
Added Pin To Net: NetName=NetDRV8825_10 Pin=DRV8825-10
Added Pin To Net: NetName=NetDRV8825_10 Pin=J1-4
Added Net: Name=NetDRV8825_10
Added Pin To Net: NetName=NetDRV8825_19 Pin=DRV8825-19
Added Pin To Net: NetName=NetDRV8825_19 Pin=R5-2
Added Net: Name=NetDRV8825_19
Added Pin To Net: NetName=NetLSM9DS1_7 Pin=LSM9DS1-7
Added Pin To Net: NetName=NetLSM9DS1_7 Pin=LSM9DS1-8
Added Pin To Net: NetName=NetLSM9DS1_7 Pin=R18-1
Added Net: Name=NetLSM9DS1_7
Added Pin To Net: NetName=NetR15_2 Pin=R15-2
Added Pin To Net: NetName=NetR15_2 Pin=ST1S14PHR-2
Added Net: Name=NetR15_2
Added Pin To Net: NetName=NFAULT Pin=DRV1-18
Added Pin To Net: NetName=NFAULT Pin=DRV8825-18
Added Pin To Net: NetName=NFAULT Pin=R4-1
Added Pin To Net: NetName=NFAULT Pin=R11-1
Added Net: Name=NFAULT
Added Pin To Net: NetName=nHOME Pin=DRV1-27
Added Pin To Net: NetName=nHOME Pin=DRV8825-27
Added Net: Name=nHOME
Added Pin To Net: NetName=NRESET Pin=DRV1-16
Added Pin To Net: NetName=NRESET Pin=DRV8825-16
Added Pin To Net: NetName=NRESET Pin=R7-1
Added Pin To Net: NetName=NRESET Pin=R14-1
Added Net: Name=NRESET
Added Pin To Net: NetName=NSLEEP Pin=DRV1-17
Added Pin To Net: NetName=NSLEEP Pin=DRV8825-17
Added Pin To Net: NetName=NSLEEP Pin=R6-1
Added Pin To Net: NetName=NSLEEP Pin=R13-1
Added Net: Name=NSLEEP
Added Pin To Net: NetName=SCL Pin=LSM9DS1-2
Added Net: Name=SCL
Added Pin To Net: NetName=SDA Pin=LSM9DS1-4
Added Net: Name=SDA
Added Pin To Net: NetName=STEPL Pin=DRV8825-22
Added Net: Name=STEPL
Added Pin To Net: NetName=STEPR Pin=DRV1-22
Added Net: Name=STEPR
Added Pin To Net: NetName=VMOT Pin=C2-1
Added Pin To Net: NetName=VMOT Pin=C3-P
Added Pin To Net: NetName=VMOT Pin=C4-1
Added Pin To Net: NetName=VMOT Pin=C7-1
Added Pin To Net: NetName=VMOT Pin=C8-P
Added Pin To Net: NetName=VMOT Pin=C9-1
Added Pin To Net: NetName=VMOT Pin=C18-2
Added Pin To Net: NetName=VMOT Pin=C19-2
Added Pin To Net: NetName=VMOT Pin=DRV1-4
Added Pin To Net: NetName=VMOT Pin=DRV1-11
Added Pin To Net: NetName=VMOT Pin=DRV8825-4
Added Pin To Net: NetName=VMOT Pin=DRV8825-11
Added Pin To Net: NetName=VMOT Pin=R1-1
Added Pin To Net: NetName=VMOT Pin=R8-1
Added Pin To Net: NetName=VMOT Pin=ST1S14PHR-5
Added Pin To Net: NetName=VMOT Pin=ST1S14PHR-7
Added Net: Name=VMOT
Added Class: Name=rys_PCB
