Removed Pin From Net: NetName=Net*_5 Pin=R2-5
Removed Pin From Net: NetName=Net*_3 Pin=R2-6
Removed Pin From Net: NetName=Net*_4 Pin=R2-8
Removed Pin From Net: NetName=Net*_4 Pin=U1-3
Removed Pin From Net: NetName=Net*_3 Pin=U3-3
Removed Pin From Net: NetName=Net*_5 Pin=U4-3
Change Component Comment : Designator=R1 Old Comment=330R New Comment=10k
Added Component: Designator=J1(Goldpin 2.00mm pin 2X3 angle)
Add component. Clean all parameters for all variants
Added Pin To Net: NetName=VCC Pin=J1-1
Added Pin To Net: NetName=Net*_2 Pin=J1-2
Added Pin To Net: NetName=Net*_4 Pin=J1-3
Added Pin To Net: NetName=Net*_5 Pin=J1-4
Added Pin To Net: NetName=Net*_3 Pin=J1-5
Added Pin To Net: NetName=GND Pin=J1-6
Added Pin To Net: NetName=Net*_3 Pin=R2-5
Added Pin To Net: NetName=Net*_4 Pin=R2-6
Added Pin To Net: NetName=Net*_5 Pin=R2-8
Added Pin To Net: NetName=Net*_5 Pin=U1-3
Added Pin To Net: NetName=Net*_4 Pin=U3-3
Added Pin To Net: NetName=Net*_3 Pin=U4-3
Change Net Name : Old Net Name=Net*_2 New Net Name=NetJ1_2
Change Net Name : Old Net Name=Net*_3 New Net Name=NetJ1_5
Change Net Name : Old Net Name=Net*_4 New Net Name=NetJ1_3
Change Net Name : Old Net Name=Net*_5 New Net Name=NetJ1_4
Added Member To Class: ClassName=Encoder_Baord Member=Component J1 6x2
