Removed Pin From Net: NetName=NetJ1_4 Pin=R2-1
Removed Pin From Net: NetName=NetJ1_2 Pin=R2-2
Removed Pin From Net: NetName=NetJ1_3 Pin=R2-3
Removed Pin From Net: NetName=NetJ1_5 Pin=R2-4
Removed Pin From Net: NetName=VCC Pin=R2-5
Removed Pin From Net: NetName=VCC Pin=R2-6
Removed Pin From Net: NetName=VCC Pin=R2-7
Removed Pin From Net: NetName=VCC Pin=R2-8
Removed Member From Class: ClassName=Encoder_Baord Member=R2
Added Component: Designator=R?(1206_4R)
Add component. Clean all parameters for all variants
Added Component: Designator=R?(1206_4R)
Add component. Clean all parameters for all variants
Added Component: Designator=R?(1206_4R)
Add component. Clean all parameters for all variants
Added Component: Designator=R?(1206_4R)
Add component. Clean all parameters for all variants
Added Pin To Net: NetName=VCC Pin=R?-1
Added Pin To Net: NetName=VCC Pin=R?-2
Added Pin To Net: NetName=VCC Pin=R?-3
Added Pin To Net: NetName=VCC Pin=R?-4
Added Pin To Net: NetName=NetJ1_5 Pin=R?-5
Added Pin To Net: NetName=NetJ1_3 Pin=R?-6
Added Pin To Net: NetName=NetJ1_2 Pin=R?-7
Added Pin To Net: NetName=NetJ1_4 Pin=R?-8
Added Member To Class: ClassName=Encoder_Baord Member=Component R? 10k
Added Member To Class: ClassName=Encoder_Baord Member=Component R? 10k
Added Member To Class: ClassName=Encoder_Baord Member=Component R? 10k
Added Member To Class: ClassName=Encoder_Baord Member=Component R? 10k
