Removed Pin From Net: NetName=Net*_1 Pin=J1-1
Removed Pin From Net: NetName=Net*_2 Pin=J1-2
Change Component Footprint: Designator=J1 Old Footprint=MICROFIT 1x2 Vertical New Footprint=HOLE_M3
Change Component Comment : Designator=J1 Old Comment=Molex Microfit New Comment=M3
Change Component Designator: OldDesignator= NewDesignator=B1
Change component parameters: Designator = "J1"; Footprint = "HOLE_M3"; UniqueID = "\KBQKRNFW"
Change component parameters. Clean all parameters for all variants
Change component parameters (AddParameter): Name = "Supplier"; Value = ""; VariantName = "[No Variations]"
Change component parameters (AddParameter): Name = "Symbol"; Value = ""; VariantName = "[No Variations]"
Change component parameters (AddParameter): Name = "URL"; Value = ""; VariantName = "[No Variations]"
Added Component: Designator=J6(PAD_2X2MM)
Add component. Clean all parameters for all variants
Added Component: Designator=J7(PAD_2X2MM)
Add component. Clean all parameters for all variants
Added Component: Designator=J8(PAD_2X2MM)
Add component. Clean all parameters for all variants
Added Component: Designator=J9(PAD_2X2MM)
Add component. Clean all parameters for all variants
Added Component: Designator=J10(PAD_2X2MM)
Add component. Clean all parameters for all variants
Added Component: Designator=J11(PAD_2X2MM)
Add component. Clean all parameters for all variants
Added Pin To Net: NetName=GND Pin=J1-1
Added Pin To Net: NetName=Net*_1 Pin=J6-1
Added Pin To Net: NetName=Net*_1 Pin=J7-1
Added Pin To Net: NetName=Net*_1 Pin=J8-1
Added Pin To Net: NetName=Net*_2 Pin=J9-1
Added Pin To Net: NetName=Net*_2 Pin=J10-1
Added Pin To Net: NetName=Net*_2 Pin=J11-1
Change Net Name : Old Net Name=Net*_1 New Net Name=NetB1_1
Change Net Name : Old Net Name=Net*_2 New Net Name=NetB1_2
Added Member To Class: ClassName=battery_module Member=Component B1 18650
Added Member To Class: ClassName=battery_module Member=Component J2 M3
Added Member To Class: ClassName=battery_module Member=Component J3 M3
Added Member To Class: ClassName=battery_module Member=Component J4 M3
Added Member To Class: ClassName=battery_module Member=Component J5 M3
Added Member To Class: ClassName=battery_module Member=Component J6 Pad
Added Member To Class: ClassName=battery_module Member=Component J7 Pad
Added Member To Class: ClassName=battery_module Member=Component J8 Pad
Added Member To Class: ClassName=battery_module Member=Component J9 Pad
Added Member To Class: ClassName=battery_module Member=Component J10 Pad
Added Member To Class: ClassName=battery_module Member=Component J11 Pad
Added Room: Name=battery_module
