Change Component Designator: OldDesignator= NewDesignator=*
Added Component: Designator=J2(HOLE_M3)
Add component. Clean all parameters for all variants
Add component (AddParameter): Name = "Supplier"; Value = ""; VariantName = "[No Variations]"
Add component (AddParameter): Name = "Symbol"; Value = ""; VariantName = "[No Variations]"
Add component (AddParameter): Name = "URL"; Value = ""; VariantName = "[No Variations]"
Added Component: Designator=J3(HOLE_M3)
Add component. Clean all parameters for all variants
Add component (AddParameter): Name = "Supplier"; Value = ""; VariantName = "[No Variations]"
Add component (AddParameter): Name = "Symbol"; Value = ""; VariantName = "[No Variations]"
Add component (AddParameter): Name = "URL"; Value = ""; VariantName = "[No Variations]"
Added Component: Designator=J4(HOLE_M3)
Add component. Clean all parameters for all variants
Add component (AddParameter): Name = "Supplier"; Value = ""; VariantName = "[No Variations]"
Add component (AddParameter): Name = "Symbol"; Value = ""; VariantName = "[No Variations]"
Add component (AddParameter): Name = "URL"; Value = ""; VariantName = "[No Variations]"
Added Component: Designator=J5(HOLE_M3)
Add component. Clean all parameters for all variants
Add component (AddParameter): Name = "Supplier"; Value = ""; VariantName = "[No Variations]"
Add component (AddParameter): Name = "Symbol"; Value = ""; VariantName = "[No Variations]"
Add component (AddParameter): Name = "URL"; Value = ""; VariantName = "[No Variations]"
Added Pin To Net: NetName=GND Pin=J2-1
Added Pin To Net: NetName=GND Pin=J3-1
Added Pin To Net: NetName=GND Pin=J4-1
Added Pin To Net: NetName=GND Pin=J5-1
Added Net: Name=GND
Added Member To Class: ClassName=battery_module Member=Component J2 M3
Added Member To Class: ClassName=battery_module Member=Component J3 M3
Added Member To Class: ClassName=battery_module Member=Component J4 M3
Added Member To Class: ClassName=battery_module Member=Component J5 M3
Added Room: Name=battery_module
