[0217/210001:INFO:CONSOLE(0)] "Synchronous XMLHttpRequest on the main thread is deprecated because of its detrimental effects to the end user's experience. For more help, check https://xhr.spec.whatwg.org/.", source:  (0)
[0217/210002:INFO:CONSOLE(238)] "No Vidyard Players found. (include this script below player embed codes)", source: https://assets.vidyard.com/play/js/v0/google-analytics-58a4812c6f14049f2633500fc44e01d6.js (238)
[0217/210003:INFO:CONSOLE(43)] "[object Object]", source:  (43)
[0217/210005:ERROR:webrtcsession.cc(1388)] ConnectDataChannel called when data_channel_ is NULL.
[0217/210006:WARNING:mediasession.cc(376)] Duplicate id found. Reassigning from 101 to 127
[0217/210006:ERROR:render_media_log.cc(23)] MediaEvent: PIPELINE_ERROR demuxer: could not open
[0217/210006:WARNING:p2ptransportchannel.cc(487)] Jingle:Port[03630670:data:1:0:local:Net[any:0.0.0.x/0:Unknown]]: SetOption(5, 0) failed: 0
[0217/210006:WARNING:p2ptransportchannel.cc(487)] Jingle:Port[03631C18:data:1:0:local:Net[any:0:0:0:x:x:x:x:x/0:Unknown]]: SetOption(5, 0) failed: 0
[0217/210008:INFO:CONSOLE(0)] "WebSocket connection to 'wss://ws.api.drift.com/ws/websocket?session_token=SFMyNTY.g3QAAAACZAAEZGF0YXQAAAAEZAACaWRtAAAAMTYwODA3LWFub246Njk5NTFhYzAtMzRmZC00YmU2LTgxOTMtY2I4Zjg1Y2RhMmZhLTRkAAdsZWFkX2lkbQAAACQ2OTk1MWFjMC0zNGZkLTRiZTYtODE5My1jYjhmODVjZGEyZmFkAAZvcmdfaWRiAADth2QACXVzZXJfdHlwZWQABGxlYWRkAAZzaWduZWRuBgCEOFqlYQE.YPddPJH6kbMdUBQkITE6EuDfyoNP62ehxLsJH3hsG24&vsn=1.0.0' failed: WebSocket is closed before the connection is established.", source: https://js.driftt.com/dist/index-prod.html (0)
[0217/210012:INFO:CONSOLE(1)] "Uncaught (in promise) NotSupportedError: The element has no supported sources.", source: https://js.driftt.com/dist/assets/widget-532974356e38f835e15f-prod.js (1)
[0217/210012:INFO:CONSOLE(1)] "Uncaught (in promise) NotSupportedError: The element has no supported sources.", source: https://js.driftt.com/dist/assets/widget-532974356e38f835e15f-prod.js (1)
[0217/210025:INFO:CONSOLE(238)] "No Vidyard Players found. (include this script below player embed codes)", source: https://assets.vidyard.com/play/js/v0/google-analytics-58a4812c6f14049f2633500fc44e01d6.js (238)
[0217/210026:ERROR:render_media_log.cc(23)] MediaEvent: PIPELINE_ERROR demuxer: could not open
[0217/210027:INFO:CONSOLE(43)] "[object Object]", source:  (43)
[0217/210031:INFO:CONSOLE(0)] "Synchronous XMLHttpRequest on the main thread is deprecated because of its detrimental effects to the end user's experience. For more help, check https://xhr.spec.whatwg.org/.", source:  (0)
[0217/210032:INFO:CONSOLE(238)] "No Vidyard Players found. (include this script below player embed codes)", source: https://assets.vidyard.com/play/js/v0/google-analytics-58a4812c6f14049f2633500fc44e01d6.js (238)
[0217/210034:INFO:CONSOLE(43)] "[object Object]", source:  (43)
[0217/210034:ERROR:render_media_log.cc(23)] MediaEvent: PIPELINE_ERROR demuxer: could not open
[0217/214931:INFO:CONSOLE(1)] "Drift - ", source: https://js.driftt.com/dist/assets/vendor-bca22a5838d95c30ea52-prod.js (1)
[0217/214931:INFO:CONSOLE(1)] "Drift - ", source: https://js.driftt.com/dist/assets/vendor-bca22a5838d95c30ea52-prod.js (1)
[0217/220431:INFO:CONSOLE(1)] "Drift - ", source: https://js.driftt.com/dist/assets/vendor-bca22a5838d95c30ea52-prod.js (1)
[0217/220431:INFO:CONSOLE(1)] "Drift - ", source: https://js.driftt.com/dist/assets/vendor-bca22a5838d95c30ea52-prod.js (1)
[0217/220501:ERROR:browser_gpu_channel_host_factory.cc(119)] Failed to launch GPU process.
